Exception at PC 0x00007FFE764E4F69
Exception at PC 0x00007FFE764E4F69
Exception at PC 0x00007FFE764E4F69
Exception at PC 0x00007FFE764E4F69
Exception at PC 0x00007FFDF711E132
Attemped to write at address 0x00007FFE2A284AA4
Printing stacktrace...

[0]  [0x00007FFDF711E132]
[1]  [0x00007FFDF711E132]
[2]  [0x00007FFDF711E194]
[3]  [0x00007FFDF6D6D0D7]
[4]  [0x00007FFDF6C52BCA]
[5]  [0x00007FFDF6C52FD1]
[6]  [0x00007FFDF711EB2F]
[7]  [0x00007FFDF6FDC19D]
[8]  [0x00007FFDF6FD5942]
[9]  [0x00007FFDF6FD5AB5]
[10] (RtlActivateActivationContextUnsafeFast+0x11d) [0x00007FFE78749A1D]
[11] (LdrShutdownProcess+0x141) [0x00007FFE7878DB91]
[12] (RtlExitUserProcess+0xad) [0x00007FFE7878DA2D]
[13] (FatalExit+0xb) [0x00007FFE7761E0AB]
[14] (exit+0x85) [0x00007FFE7824A155]
[15] (initterm_e+0x245) [0x00007FFE7824A7C5]
[16]  [0x00000000004014CD]
[17]  [0x000000000040151B]
[18] (BaseThreadInitThunk+0x14) [0x00007FFE77617034]
[19] (RtlUserThreadStart+0x21) [0x00007FFE78782651]
Done
